Determining if the pthread_create exist failed with the following output:
Change Dir: /storage/student10/advancedhpc2019/labwork/build/CMakeFiles/CMakeTmp

Run Build Command:"/usr/bin/make" "cmTC_0082c/fast"
/usr/bin/make -f CMakeFiles/cmTC_0082c.dir/build.make CMakeFiles/cmTC_0082c.dir/build
make[1]: Entering directory '/storage/student10/advancedhpc2019/labwork/build/CMakeFiles/CMakeTmp'
Building C object CMakeFiles/cmTC_0082c.dir/CheckSymbolExists.c.o
/usr/bin/cc    -fPIC    -o CMakeFiles/cmTC_0082c.dir/CheckSymbolExists.c.o   -c /storage/student10/advancedhpc2019/labwork/build/CMakeFiles/CMakeTmp/CheckSymbolExists.c
Linking C executable cmTC_0082c
/usr/bin/cmake -E cmake_link_script CMakeFiles/cmTC_0082c.dir/link.txt --verbose=1
/usr/bin/cc  -fPIC     CMakeFiles/cmTC_0082c.dir/CheckSymbolExists.c.o  -o cmTC_0082c -rdynamic 
CMakeFiles/cmTC_0082c.dir/CheckSymbolExists.c.o: In function `main':
CheckSymbolExists.c:(.text+0x1b): undefined reference to `pthread_create'
collect2: error: ld returned 1 exit status
CMakeFiles/cmTC_0082c.dir/build.make:97: recipe for target 'cmTC_0082c' failed
make[1]: *** [cmTC_0082c] Error 1
make[1]: Leaving directory '/storage/student10/advancedhpc2019/labwork/build/CMakeFiles/CMakeTmp'
Makefile:126: recipe for target 'cmTC_0082c/fast' failed
make: *** [cmTC_0082c/fast] Error 2

File /storage/student10/advancedhpc2019/labwork/build/CMakeFiles/CMakeTmp/CheckSymbolExists.c:
/* */
#include <pthread.h>

int main(int argc, char** argv)
{
  (void)argv;
#ifndef pthread_create
  return ((int*)(&pthread_create))[argc];
#else
  (void)argc;
  return 0;
#endif
}

Determining if the function pthread_create exists in the pthreads failed with the following output:
Change Dir: /storage/student10/advancedhpc2019/labwork/build/CMakeFiles/CMakeTmp

Run Build Command:"/usr/bin/make" "cmTC_15a0f/fast"
/usr/bin/make -f CMakeFiles/cmTC_15a0f.dir/build.make CMakeFiles/cmTC_15a0f.dir/build
make[1]: Entering directory '/storage/student10/advancedhpc2019/labwork/build/CMakeFiles/CMakeTmp'
Building C object CMakeFiles/cmTC_15a0f.dir/CheckFunctionExists.c.o
/usr/bin/cc    -fPIC -DCHECK_FUNCTION_EXISTS=pthread_create   -o CMakeFiles/cmTC_15a0f.dir/CheckFunctionExists.c.o   -c /usr/share/cmake-3.7/Modules/CheckFunctionExists.c
Linking C executable cmTC_15a0f
/usr/bin/cmake -E cmake_link_script CMakeFiles/cmTC_15a0f.dir/link.txt --verbose=1
/usr/bin/cc  -fPIC -DCHECK_FUNCTION_EXISTS=pthread_create    CMakeFiles/cmTC_15a0f.dir/CheckFunctionExists.c.o  -o cmTC_15a0f -rdynamic -lpthreads 
/usr/bin/ld: cannot find -lpthreads
collect2: error: ld returned 1 exit status
CMakeFiles/cmTC_15a0f.dir/build.make:97: recipe for target 'cmTC_15a0f' failed
make[1]: *** [cmTC_15a0f] Error 1
make[1]: Leaving directory '/storage/student10/advancedhpc2019/labwork/build/CMakeFiles/CMakeTmp'
Makefile:126: recipe for target 'cmTC_15a0f/fast' failed
make: *** [cmTC_15a0f/fast] Error 2


